<?xml version="1.0" encoding="UTF-8"?>
<testsuites name="jest tests" tests="2" failures="0" errors="0" time="0.357">
  <testsuite name="Test" errors="0" failures="0" skipped="0" timestamp="2024-11-08T20:57:06" time="0.307" tests="2">
    <testcase classname="Test-Check application URL" name="Test-Check application URL" time="0.03">
    </testcase>
    <testcase classname="Test-Check application response data" name="Test-Check application response data" time="0.002">
    </testcase>
  </testsuite>
</testsuites>